<?xml version="1.0" encoding="UTF-8"?>
<TestRun id="29d7b992-c86d-4445-b52b-246c149cf288" name="Wm.Barrett@OSCAR 2016-02-07 19:01:36" runUser="OSCAR\Wm.Barrett" xmlns="http://microsoft.com/schemas/VisualStudio/TeamTest/2010">
  <TestSettings name="Default Test Settings" id="4145c9de-5563-43b6-b328-8ba3f8f1ad89">
    <Deployment userDeploymentRoot="C:\Projects\wbsimms\BaseAspNetAngularUnity\build" useDefaultDeploymentRoot="false" runDeploymentRoot="Wm.Barrett_OSCAR 2016-02-07 19_01_36" />
    <Execution>
      <TestTypeSpecific />
      <AgentRule name="Execution Agents">
      </AgentRule>
    </Execution>
    <Properties />
  </TestSettings>
  <Times creation="2016-02-07T19:01:36.5989305-06:00" queuing="2016-02-07T19:01:38.3516949-06:00" start="2016-02-07T19:01:38.5210330-06:00" finish="2016-02-07T19:01:39.8306715-06:00" />
  <ResultSummary outcome="Warning">
    <Counters total="3" executed="3" passed="3" error="0" failed="0" timeout="0" aborted="0" inconclusive="0" passedButRunAborted="0" notRunnable="0" notExecuted="0" disconnected="0" warning="0" completed="0" inProgress="0" pending="0" />
    <RunInfos>
      <RunInfo computerName="OSCAR" outcome="Warning" timestamp="2016-02-07T19:01:37.1350139-06:00">
        <Text>Warning: Test Run deployment issue: The assembly or module 'Microsoft.Owin.Security.OAuth' directly or indirectly referenced by the test container 'C:\Projects\wbsimms\BaseAspNetAngularUnity\src\baseaspnetangularunity.test\bin\baseaspnetangularunity.test.dll' was not found.</Text>
      </RunInfo>
      <RunInfo computerName="OSCAR" outcome="Warning" timestamp="2016-02-07T19:01:37.1355141-06:00">
        <Text>Warning: Test Run deployment issue: The assembly or module 'WebGrease' directly or indirectly referenced by the test container 'C:\Projects\wbsimms\BaseAspNetAngularUnity\src\baseaspnetangularunity.test\bin\baseaspnetangularunity.test.dll' was not found.</Text>
      </RunInfo>
    </RunInfos>
  </ResultSummary>
  <TestDefinitions>
    <UnitTest name="Index" storage="..\src\baseaspnetangularunity.test\bin\baseaspnetangularunity.test.dll" id="b69ff0e2-9ead-e7aa-660a-f907f81f8c39">
      <Execution id="af265f9b-3514-43b6-8259-102825daab36" />
      <TestMethod codeBase="C:/Projects/wbsimms/BaseAspNetAngularUnity/src/BaseAspNetAngularUnity.Test/bin/BaseAspNetAngularUnity.Test.DLL" adapterTypeName="Microsoft.VisualStudio.TestTools.TestTypes.Unit.UnitTestAdapter, Microsoft.VisualStudio.QualityTools.Tips.UnitTest.Adapter, Version=14.0.0.0, Culture=neutral, PublicKeyToken=b03f5f7f11d50a3a" className="BaseAspNetAngularUnity.Tests.Controllers.HomeControllerTest, BaseAspNetAngularUnity.Test, Version=1.0.0.0, Culture=neutral, PublicKeyToken=null" name="Index" />
    </UnitTest>
    <UnitTest name="About" storage="..\src\baseaspnetangularunity.test\bin\baseaspnetangularunity.test.dll" id="93a62a10-f85a-8425-008c-b129205cca0b">
      <Execution id="ef0d0356-530d-4ab3-ab72-ab964c3f2917" />
      <TestMethod codeBase="C:/Projects/wbsimms/BaseAspNetAngularUnity/src/BaseAspNetAngularUnity.Test/bin/BaseAspNetAngularUnity.Test.DLL" adapterTypeName="Microsoft.VisualStudio.TestTools.TestTypes.Unit.UnitTestAdapter, Microsoft.VisualStudio.QualityTools.Tips.UnitTest.Adapter, Version=14.0.0.0, Culture=neutral, PublicKeyToken=b03f5f7f11d50a3a" className="BaseAspNetAngularUnity.Tests.Controllers.HomeControllerTest, BaseAspNetAngularUnity.Test, Version=1.0.0.0, Culture=neutral, PublicKeyToken=null" name="About" />
    </UnitTest>
    <UnitTest name="Contact" storage="..\src\baseaspnetangularunity.test\bin\baseaspnetangularunity.test.dll" id="aa90f812-e30a-9eb4-5833-01e9891bd480">
      <Execution id="67e36c47-e000-44b8-89c8-0ca269cf25ee" />
      <TestMethod codeBase="C:/Projects/wbsimms/BaseAspNetAngularUnity/src/BaseAspNetAngularUnity.Test/bin/BaseAspNetAngularUnity.Test.DLL" adapterTypeName="Microsoft.VisualStudio.TestTools.TestTypes.Unit.UnitTestAdapter, Microsoft.VisualStudio.QualityTools.Tips.UnitTest.Adapter, Version=14.0.0.0, Culture=neutral, PublicKeyToken=b03f5f7f11d50a3a" className="BaseAspNetAngularUnity.Tests.Controllers.HomeControllerTest, BaseAspNetAngularUnity.Test, Version=1.0.0.0, Culture=neutral, PublicKeyToken=null" name="Contact" />
    </UnitTest>
  </TestDefinitions>
  <TestLists>
    <TestList name="Results Not in a List" id="8c84fa94-04c1-424b-9868-57a2d4851a1d" />
    <TestList name="All Loaded Results" id="19431567-8539-422a-85d7-44ee4e166bda" />
  </TestLists>
  <TestEntries>
    <TestEntry testId="93a62a10-f85a-8425-008c-b129205cca0b" executionId="ef0d0356-530d-4ab3-ab72-ab964c3f2917" testListId="8c84fa94-04c1-424b-9868-57a2d4851a1d" />
    <TestEntry testId="aa90f812-e30a-9eb4-5833-01e9891bd480" executionId="67e36c47-e000-44b8-89c8-0ca269cf25ee" testListId="8c84fa94-04c1-424b-9868-57a2d4851a1d" />
    <TestEntry testId="b69ff0e2-9ead-e7aa-660a-f907f81f8c39" executionId="af265f9b-3514-43b6-8259-102825daab36" testListId="8c84fa94-04c1-424b-9868-57a2d4851a1d" />
  </TestEntries>
  <Results>
    <UnitTestResult executionId="ef0d0356-530d-4ab3-ab72-ab964c3f2917" testId="93a62a10-f85a-8425-008c-b129205cca0b" testName="About" computerName="OSCAR" duration="00:00:00.6529351" startTime="2016-02-07T19:01:38.5930512-06:00" endTime="2016-02-07T19:01:39.7312010-06:00" testType="13cdc9d9-ddb5-4fa4-a97d-d965ccfc6d4b" outcome="Passed" testListId="8c84fa94-04c1-424b-9868-57a2d4851a1d" relativeResultsDirectory="ef0d0356-530d-4ab3-ab72-ab964c3f2917">
    </UnitTestResult>
    <UnitTestResult executionId="67e36c47-e000-44b8-89c8-0ca269cf25ee" testId="aa90f812-e30a-9eb4-5833-01e9891bd480" testName="Contact" computerName="OSCAR" duration="00:00:00.0031094" startTime="2016-02-07T19:01:39.7382022-06:00" endTime="2016-02-07T19:01:39.7462092-06:00" testType="13cdc9d9-ddb5-4fa4-a97d-d965ccfc6d4b" outcome="Passed" testListId="8c84fa94-04c1-424b-9868-57a2d4851a1d" relativeResultsDirectory="67e36c47-e000-44b8-89c8-0ca269cf25ee">
    </UnitTestResult>
    <UnitTestResult executionId="af265f9b-3514-43b6-8259-102825daab36" testId="b69ff0e2-9ead-e7aa-660a-f907f81f8c39" testName="Index" computerName="OSCAR" duration="00:00:00.0004520" startTime="2016-02-07T19:01:39.7507110-06:00" endTime="2016-02-07T19:01:39.7552114-06:00" testType="13cdc9d9-ddb5-4fa4-a97d-d965ccfc6d4b" outcome="Passed" testListId="8c84fa94-04c1-424b-9868-57a2d4851a1d" relativeResultsDirectory="af265f9b-3514-43b6-8259-102825daab36">
    </UnitTestResult>
  </Results>
</TestRun>